\BOOKMARK [1][-]{section.1}{\376\377\000I\000n\000t\000r\000o\000d\000u\000c\000t\000i\000o\000n}{}% 1
\BOOKMARK [1][-]{section.2}{\376\377\000R\000e\000l\000a\000t\000e\000d\000\040\000W\000o\000r\000k\000s}{}% 2
\BOOKMARK [2][-]{subsection.2.1}{\376\377\000N\000e\000u\000r\000a\000l\000\040\000N\000e\000t\000w\000o\000r\000k\000s\000\040\000i\000n\000\040\000C\000o\000m\000p\000u\000t\000e\000r\000\040\000V\000i\000s\000i\000o\000n}{section.2}% 3
\BOOKMARK [2][-]{subsection.2.2}{\376\377\000O\000b\000j\000e\000c\000t\000\040\000D\000e\000t\000e\000c\000t\000i\000o\000n}{section.2}% 4
\BOOKMARK [3][-]{subsubsection.2.2.1}{\376\377\000O\000b\000j\000e\000c\000t\000i\000v\000e\000s\000\040\000a\000n\000d\000\040\000U\000s\000e\000s}{subsection.2.2}% 5
\BOOKMARK [3][-]{subsubsection.2.2.2}{\376\377\000T\000w\000o\000-\000S\000h\000o\000t\000\040\000D\000e\000t\000e\000c\000t\000o\000r\000s}{subsection.2.2}% 6
\BOOKMARK [3][-]{subsubsection.2.2.3}{\376\377\000S\000i\000n\000g\000l\000e\000-\000S\000h\000o\000t\000\040\000D\000e\000t\000e\000c\000t\000o\000r\000s}{subsection.2.2}% 7
\BOOKMARK [3][-]{subsubsection.2.2.4}{\376\377\000S\000e\000g\000m\000e\000n\000t\000a\000t\000i\000o\000n}{subsection.2.2}% 8
\BOOKMARK [3][-]{subsubsection.2.2.5}{\376\377\000R\000e\000t\000i\000n\000a\000N\000E\000T}{subsection.2.2}% 9
\BOOKMARK [3][-]{subsubsection.2.2.6}{\376\377\000D\000E\000T\000R}{subsection.2.2}% 10
\BOOKMARK [2][-]{subsection.2.3}{\376\377\000O\000b\000j\000e\000c\000t\000\040\000D\000e\000t\000e\000c\000t\000i\000o\000n}{section.2}% 11
\BOOKMARK [3][-]{subsubsection.2.3.1}{\376\377\000O\000b\000j\000e\000c\000t\000i\000v\000e\000s\000\040\000a\000n\000d\000\040\000U\000s\000e\000s}{subsection.2.3}% 12
\BOOKMARK [1][-]{section.3}{\376\377\000M\000e\000t\000h\000o\000d\000o\000l\000o\000g\000y}{}% 13
\BOOKMARK [2][-]{subsubsection.3.0.1}{\376\377\000F\000a\000s\000t\000e\000r\000-\000R\000-\000C\000N\000N}{section.3}% 14
\BOOKMARK [3][-]{subsubsection.3.0.2}{\376\377\000M\000a\000s\000k\000-\000R\000-\000C\000N\000N}{subsubsection.3.0.1}% 15
\BOOKMARK [3][-]{subsubsection.3.0.3}{\376\377\000Y\000O\000L\000O\000v\0009}{subsubsection.3.0.1}% 16
\BOOKMARK [1][-]{section.4}{\376\377\000E\000x\000p\000e\000r\000i\000m\000e\000n\000t\000a\000l\000\040\000d\000e\000s\000i\000g\000n}{}% 17
\BOOKMARK [2][-]{subsubsection.4.0.1}{\376\377\000D\000a\000t\000a\000s\000e\000t\000:\000\040\000K\000I\000T\000T\000I\000-\000M\000O\000T\000S}{section.4}% 18
\BOOKMARK [3][-]{subsubsection.4.0.2}{\376\377\000M\000e\000t\000r\000i\000c\000s}{subsubsection.4.0.1}% 19
\BOOKMARK [3][-]{subsubsection.4.0.3}{\376\377\000I\000m\000p\000l\000e\000m\000e\000n\000t\000a\000t\000i\000o\000n\000\040\000d\000e\000t\000a\000i\000l\000s}{subsubsection.4.0.1}% 20
\BOOKMARK [1][-]{section.5}{\376\377\000R\000e\000s\000u\000l\000t\000s}{}% 21
\BOOKMARK [1][-]{section.6}{\376\377\000C\000o\000n\000c\000l\000u\000s\000i\000o\000n\000s}{}% 22
